<?xml version="1.0" encoding="UTF-8"?>
<!-- Generated by org.testng.reporters.JUnitReportReporter -->
<testsuite hostname="DESKTOP-0FHJTCQ" failures="0" tests="1" name="com.actitime.testScript.ProjectModule" time="31.613" errors="0" timestamp="2023-09-14T19:32:33 IST" skipped="0">
  <testcase classname="com.actitime.testScript.ProjectModule" name="createProject" time="31.613"/>
  <system-out>
    <![CDATA[open Browser
login
logout
closeBrowser]]>
  </system-out>
</testsuite> <!-- com.actitime.testScript.ProjectModule -->
