<?xml version="1.0" encoding="UTF-8"?>
<!-- Generated by org.testng.reporters.JUnitReportReporter -->
<testsuite hostname="DESKTOP-0FHJTCQ" failures="0" tests="1" name="com.actitime.testScript.CustomerModule" time="27.494" errors="0" timestamp="2023-09-14T19:31:46 IST" skipped="0">
  <testcase classname="com.actitime.testScript.CustomerModule" name="CreateCustomer" time="27.494">
    <system-out>
      <![CDATA[CreateCustomer]]>
    </system-out>
  </testcase> <!-- CreateCustomer -->
  <system-out>
    <![CDATA[open Browser
login
CreateCustomer
logout
closeBrowser]]>
  </system-out>
</testsuite> <!-- com.actitime.testScript.CustomerModule -->
